<?xml version="1.0" encoding="UTF-8"?>
<testng-results ignored="0" total="1" passed="1" failed="0" skipped="0">
  <reporter-output>
  </reporter-output>
  <suite started-at="2022-12-24T14:47:26 IST" name="Default suite" finished-at="2022-12-24T14:47:50 IST" duration-ms="23671">
    <groups>
    </groups>
    <test started-at="2022-12-24T14:47:26 IST" name="Default test" finished-at="2022-12-24T14:47:50 IST" duration-ms="23671">
      <class name="TestCases.VerifyCartValue">
        <test-method is-config="true" signature="launch()[pri:0, instance:TestCases.VerifyCartValue@209da20d]" started-at="2022-12-24T14:47:26 IST" name="launch" finished-at="2022-12-24T14:47:41 IST" duration-ms="15300" status="PASS">
          <reporter-output>
          </reporter-output>
        </test-method> <!-- launch -->
        <test-method signature="VerifyCartVal()[pri:0, instance:TestCases.VerifyCartValue@209da20d]" started-at="2022-12-24T14:47:42 IST" name="VerifyCartVal" finished-at="2022-12-24T14:47:50 IST" duration-ms="8167" status="PASS">
          <reporter-output>
          </reporter-output>
        </test-method> <!-- VerifyCartVal -->
      </class> <!-- TestCases.VerifyCartValue -->
    </test> <!-- Default test -->
  </suite> <!-- Default suite -->
</testng-results>
